<?xml version="1.0" encoding="UTF-8"?>
<!-- Generated by org.testng.reporters.JUnitReportReporter -->
<testsuite hostname="DrSupancomputer" name="uk.gov.mi5.tests.Epionage_HomePgae_test" tests="1" failures="0" timestamp="28 Apr 2018 11:27:44 GMT" time="7.505" errors="0">
  <testcase name="epionage_HomePage" time="7.505" classname="uk.gov.mi5.tests.Epionage_HomePgae_test"/>
</testsuite> <!-- uk.gov.mi5.tests.Epionage_HomePgae_test -->
